<?xml version="1.0" encoding="UTF-8"?>
<robot generator="Robot 3.2.2 (Python 3.7.8 on win32)" generated="20210408 13:02:39.329" rpa="false">
<suite id="s1" name="SmokeTestCases" source="D:\WestWingAutomation\TestCases\SmokeTestCases.robot">
<test id="s1-t1" name="TC-01-Search product and add the product into wishlist">
<kw name="Open the website" library="keyword" type="setup">
<doc>This method is open the browser and maximize the browser</doc>
<arguments>
<arg>chrome</arg>
</arguments>
<kw name="Open Browser" library="SeleniumLibrary">
<doc>Opens a new browser instance to the optional ``url``.</doc>
<arguments>
<arg>${URL}[0]</arg>
<arg>${BROWSER}</arg>
</arguments>
<msg timestamp="20210408 13:02:39.635" level="INFO">Opening browser 'chrome' to base url 'https://www.westwingnow.de'.</msg>
<status status="PASS" starttime="20210408 13:02:39.634" endtime="20210408 13:02:50.333"></status>
</kw>
<kw name="Sleep" library="BuiltIn">
<doc>Pauses the test executed for the given time.</doc>
<arguments>
<arg>5s</arg>
</arguments>
<msg timestamp="20210408 13:02:55.333" level="INFO">Slept 5 seconds</msg>
<status status="PASS" starttime="20210408 13:02:50.333" endtime="20210408 13:02:55.335"></status>
</kw>
<kw name="Maximize Browser Window" library="SeleniumLibrary">
<doc>Maximizes current browser window.</doc>
<status status="PASS" starttime="20210408 13:02:55.335" endtime="20210408 13:02:55.511"></status>
</kw>
<status status="PASS" starttime="20210408 13:02:39.634" endtime="20210408 13:02:55.511"></status>
</kw>
<kw name="Search the product" library="keyword">
<doc>This method is search the product</doc>
<arguments>
<arg>möbel</arg>
</arguments>
<kw name="Sleep" library="BuiltIn">
<doc>Pauses the test executed for the given time.</doc>
<arguments>
<arg>5s</arg>
</arguments>
<msg timestamp="20210408 13:03:00.515" level="INFO">Slept 5 seconds</msg>
<status status="PASS" starttime="20210408 13:02:55.513" endtime="20210408 13:03:00.515"></status>
</kw>
<kw name="Click Button" library="SeleniumLibrary">
<doc>Clicks the button identified by ``locator``.</doc>
<arguments>
<arg>${cookiesAcceptButton}</arg>
</arguments>
<msg timestamp="20210408 13:03:00.516" level="INFO">Clicking button '//button[normalize-space()='Cookies akzeptieren']'.</msg>
<status status="PASS" starttime="20210408 13:03:00.515" endtime="20210408 13:03:00.670"></status>
</kw>
<kw name="Sleep" library="BuiltIn">
<doc>Pauses the test executed for the given time.</doc>
<arguments>
<arg>10s</arg>
</arguments>
<msg timestamp="20210408 13:03:10.671" level="INFO">Slept 10 seconds</msg>
<status status="PASS" starttime="20210408 13:03:00.671" endtime="20210408 13:03:10.671"></status>
</kw>
<kw name="Input Text" library="SeleniumLibrary">
<doc>Types the given ``text`` into the text field identified by ``locator``.</doc>
<arguments>
<arg>${searchBoxField}</arg>
<arg>${productName}</arg>
</arguments>
<msg timestamp="20210408 13:03:10.672" level="INFO">Typing text 'möbel' into text field '//input[@placeholder='Produktsuche...']'.</msg>
<status status="PASS" starttime="20210408 13:03:10.671" endtime="20210408 13:03:11.003"></status>
</kw>
<kw name="Press Keys" library="SeleniumLibrary">
<doc>Simulates the user pressing key(s) to an element or on the active browser.</doc>
<arguments>
<arg>${searchBoxField}</arg>
<arg>ENTER</arg>
</arguments>
<msg timestamp="20210408 13:03:11.004" level="INFO">Sending key(s) ('ENTER',) to //input[@placeholder='Produktsuche...'] element.</msg>
<msg timestamp="20210408 13:03:11.283" level="INFO">Pressing special key ENTER to element.</msg>
<msg timestamp="20210408 13:03:11.283" level="INFO">Releasing special key ENTER.</msg>
<status status="PASS" starttime="20210408 13:03:11.004" endtime="20210408 13:03:11.299"></status>
</kw>
<status status="PASS" starttime="20210408 13:02:55.513" endtime="20210408 13:03:11.299"></status>
</kw>
<kw name="Add product into wishlist" library="keyword">
<doc>This method will add the product into wishlist</doc>
<arguments>
<arg>alirajujnu2@gmail.com</arg>
<arg>pP@01921666</arg>
</arguments>
<kw name="Sleep" library="BuiltIn">
<doc>Pauses the test executed for the given time.</doc>
<arguments>
<arg>10s</arg>
</arguments>
<msg timestamp="20210408 13:03:21.301" level="INFO">Slept 10 seconds</msg>
<status status="PASS" starttime="20210408 13:03:11.300" endtime="20210408 13:03:21.301"></status>
</kw>
<kw name="Press Keys" library="SeleniumLibrary">
<doc>Simulates the user pressing key(s) to an element or on the active browser.</doc>
<arguments>
<arg>${clearPopUP}</arg>
<arg>ESC</arg>
</arguments>
<msg timestamp="20210408 13:03:21.301" level="INFO">Sending key(s) ('ESC',) to //body/div/div/div/div/div/div/header/div/div[1]/a[1] element.</msg>
<msg timestamp="20210408 13:03:21.673" level="INFO">Pressing special key ESCAPE to element.</msg>
<msg timestamp="20210408 13:03:21.673" level="INFO">Releasing special key ESCAPE.</msg>
<status status="PASS" starttime="20210408 13:03:21.301" endtime="20210408 13:03:21.695"></status>
</kw>
<kw name="Sleep" library="BuiltIn">
<doc>Pauses the test executed for the given time.</doc>
<arguments>
<arg>5s</arg>
</arguments>
<msg timestamp="20210408 13:03:26.696" level="INFO">Slept 5 seconds</msg>
<status status="PASS" starttime="20210408 13:03:21.695" endtime="20210408 13:03:26.696"></status>
</kw>
<kw name="Element Should Be Enabled" library="SeleniumLibrary">
<doc>Verifies that element identified by ``locator`` is enabled.</doc>
<arguments>
<arg>//span[normalize-space()='Westwing Collection']</arg>
</arguments>
<status status="PASS" starttime="20210408 13:03:26.696" endtime="20210408 13:03:26.722"></status>
</kw>
<kw name="Sleep" library="BuiltIn">
<doc>Pauses the test executed for the given time.</doc>
<arguments>
<arg>10s</arg>
</arguments>
<msg timestamp="20210408 13:03:36.724" level="INFO">Slept 10 seconds</msg>
<status status="PASS" starttime="20210408 13:03:26.722" endtime="20210408 13:03:36.724"></status>
</kw>
<kw name="Click Element" library="SeleniumLibrary">
<doc>Click the element identified by ``locator``.</doc>
<arguments>
<arg>${productWishListIcon}</arg>
</arguments>
<msg timestamp="20210408 13:03:36.725" level="INFO">Clicking element '//div//div//div//div//div//div//div//div[1]//a[1]//div[1]//div[2]//div[2]//div[1]//*[local-name()='svg']'.</msg>
<status status="PASS" starttime="20210408 13:03:36.725" endtime="20210408 13:03:36.941"></status>
</kw>
<kw name="Sleep" library="BuiltIn">
<doc>Pauses the test executed for the given time.</doc>
<arguments>
<arg>8s</arg>
</arguments>
<msg timestamp="20210408 13:03:44.941" level="INFO">Slept 8 seconds</msg>
<status status="PASS" starttime="20210408 13:03:36.941" endtime="20210408 13:03:44.941"></status>
</kw>
<kw name="Click Button" library="SeleniumLibrary">
<doc>Clicks the button identified by ``locator``.</doc>
<arguments>
<arg>${switchOverlay}</arg>
</arguments>
<msg timestamp="20210408 13:03:44.943" level="INFO">Clicking button '//button[normalize-space()='Hier einloggen']'.</msg>
<status status="PASS" starttime="20210408 13:03:44.942" endtime="20210408 13:03:45.154"></status>
</kw>
<kw name="Sleep" library="BuiltIn">
<doc>Pauses the test executed for the given time.</doc>
<arguments>
<arg>5s</arg>
</arguments>
<msg timestamp="20210408 13:03:50.155" level="INFO">Slept 5 seconds</msg>
<status status="PASS" starttime="20210408 13:03:45.154" endtime="20210408 13:03:50.155"></status>
</kw>
<kw name="Input Text" library="SeleniumLibrary">
<doc>Types the given ``text`` into the text field identified by ``locator``.</doc>
<arguments>
<arg>${emailField}</arg>
<arg>${email}</arg>
</arguments>
<msg timestamp="20210408 13:03:50.156" level="INFO">Typing text 'alirajujnu2@gmail.com' into text field '//input[@placeholder='E-Mail']'.</msg>
<status status="PASS" starttime="20210408 13:03:50.155" endtime="20210408 13:03:50.299"></status>
</kw>
<kw name="Input Text" library="SeleniumLibrary">
<doc>Types the given ``text`` into the text field identified by ``locator``.</doc>
<arguments>
<arg>${passWordField}</arg>
<arg>${password}</arg>
</arguments>
<msg timestamp="20210408 13:03:50.299" level="INFO">Typing text 'pP@01921666' into text field '//input[@placeholder='Passwort']'.</msg>
<status status="PASS" starttime="20210408 13:03:50.299" endtime="20210408 13:03:50.431"></status>
</kw>
<kw name="Click Button" library="SeleniumLibrary">
<doc>Clicks the button identified by ``locator``.</doc>
<arguments>
<arg>${submitButton}</arg>
</arguments>
<msg timestamp="20210408 13:03:50.431" level="INFO">Clicking button '//button[normalize-space()='Anmelden']'.</msg>
<status status="PASS" starttime="20210408 13:03:50.431" endtime="20210408 13:03:50.624"></status>
</kw>
<status status="PASS" starttime="20210408 13:03:11.300" endtime="20210408 13:03:50.624"></status>
</kw>
<kw name="Go to wishlist page and delete the product" library="keyword">
<doc>This method will go to my wishlist page and delete the product from wishlist</doc>
<kw name="Sleep" library="BuiltIn">
<doc>Pauses the test executed for the given time.</doc>
<arguments>
<arg>10s</arg>
</arguments>
<msg timestamp="20210408 13:04:00.631" level="INFO">Slept 10 seconds</msg>
<status status="PASS" starttime="20210408 13:03:50.628" endtime="20210408 13:04:00.631"></status>
</kw>
<kw name="Click Element" library="SeleniumLibrary">
<doc>Click the element identified by ``locator``.</doc>
<arguments>
<arg>${myWishListIcon}</arg>
</arguments>
<msg timestamp="20210408 13:04:00.631" level="INFO">Clicking element '//body/div/div/div/div/div/div/header/div/div[@data-testid='wishlist-bubble']/div/span[1]//*[local-name()='svg']'.</msg>
<status status="PASS" starttime="20210408 13:04:00.631" endtime="20210408 13:04:17.951"></status>
</kw>
<kw name="Sleep" library="BuiltIn">
<doc>Pauses the test executed for the given time.</doc>
<arguments>
<arg>15s</arg>
</arguments>
<msg timestamp="20210408 13:04:32.952" level="INFO">Slept 15 seconds</msg>
<status status="PASS" starttime="20210408 13:04:17.951" endtime="20210408 13:04:32.952"></status>
</kw>
<kw name="Click Button" library="SeleniumLibrary">
<doc>Clicks the button identified by ``locator``.</doc>
<arguments>
<arg>${wishListProductDeleteIcon}</arg>
</arguments>
<msg timestamp="20210408 13:04:32.954" level="INFO">Clicking button '//body/div[@id='pageContainer']/div[@id='page']/div[@id='content']/div/div[@id='wishlistRoot']/div/div/div/ul/li/button[1]'.</msg>
<status status="PASS" starttime="20210408 13:04:32.953" endtime="20210408 13:04:33.087"></status>
</kw>
<status status="PASS" starttime="20210408 13:03:50.625" endtime="20210408 13:04:33.088"></status>
</kw>
<kw name="Verify deleting the product" library="keyword">
<kw name="Sleep" library="BuiltIn">
<doc>Pauses the test executed for the given time.</doc>
<arguments>
<arg>10s</arg>
</arguments>
<msg timestamp="20210408 13:04:43.090" level="INFO">Slept 10 seconds</msg>
<status status="PASS" starttime="20210408 13:04:33.089" endtime="20210408 13:04:43.090"></status>
</kw>
<kw name="Page Should Not Contain Element" library="SeleniumLibrary">
<doc>Verifies that element ``locator`` is not found on the current page.</doc>
<arguments>
<arg>${wishListCounterIcon}</arg>
</arguments>
<msg timestamp="20210408 13:04:43.114" level="INFO">Current page does not contain element '//span[@data-testid='wishlist-counter']'.</msg>
<status status="PASS" starttime="20210408 13:04:43.090" endtime="20210408 13:04:43.115"></status>
</kw>
<status status="PASS" starttime="20210408 13:04:33.089" endtime="20210408 13:04:43.115"></status>
</kw>
<kw name="Close the browser" library="keyword" type="teardown">
<kw name="Close Browser" library="SeleniumLibrary">
<doc>Closes the current browser.</doc>
<status status="PASS" starttime="20210408 13:04:43.117" endtime="20210408 13:04:45.325"></status>
</kw>
<status status="PASS" starttime="20210408 13:04:43.116" endtime="20210408 13:04:45.325"></status>
</kw>
<doc>This test case will searh product,login the site,add the product
in wishlist and finally delete the product from wishlist</doc>
<tags>
<tag>smoke</tag>
</tags>
<status status="PASS" starttime="20210408 13:02:39.633" endtime="20210408 13:04:45.326" critical="yes"></status>
</test>
<doc>This suites search the product,add the product to
wishlist and finally delete the product from wishlist</doc>
<status status="PASS" starttime="20210408 13:02:39.332" endtime="20210408 13:04:45.330"></status>
</suite>
<statistics>
<total>
<stat pass="1" fail="0">Critical Tests</stat>
<stat pass="1" fail="0">All Tests</stat>
</total>
<tag>
<stat pass="1" fail="0">smoke</stat>
</tag>
<suite>
<stat pass="1" fail="0" id="s1" name="SmokeTestCases">SmokeTestCases</stat>
</suite>
</statistics>
<errors>
</errors>
</robot>
