<?xml version="1.0" encoding="UTF-8"?>
<robot generator="Robot 3.2.2 (Python 3.7.8 on win32)" generated="20210423 23:50:05.940" rpa="false">
<suite id="s1" name="SmokeTestCases" source="D:\WestWingAutomation\TestCases\SmokeTestCases.robot">
<test id="s1-t1" name="TC-01-Search product and add the product into wishlist">
<kw name="Open the website" library="keyword" type="setup">
<doc>This method will open the browser and maximize the browser</doc>
<arguments>
<arg>chrome</arg>
</arguments>
<kw name="Open Browser" library="SeleniumLibrary">
<doc>Opens a new browser instance to the optional ``url``.</doc>
<arguments>
<arg>${URL}[0]</arg>
<arg>${BROWSER}</arg>
</arguments>
<msg timestamp="20210423 23:50:06.375" level="INFO">Opening browser 'chrome' to base url 'https://www.westwingnow.de'.</msg>
<status status="PASS" starttime="20210423 23:50:06.375" endtime="20210423 23:50:19.535"></status>
</kw>
<kw name="Sleep" library="BuiltIn">
<doc>Pauses the test executed for the given time.</doc>
<arguments>
<arg>5s</arg>
</arguments>
<msg timestamp="20210423 23:50:24.536" level="INFO">Slept 5 seconds</msg>
<status status="PASS" starttime="20210423 23:50:19.535" endtime="20210423 23:50:24.536"></status>
</kw>
<kw name="Maximize Browser Window" library="SeleniumLibrary">
<doc>Maximizes current browser window.</doc>
<status status="PASS" starttime="20210423 23:50:24.537" endtime="20210423 23:50:24.689"></status>
</kw>
<status status="PASS" starttime="20210423 23:50:06.374" endtime="20210423 23:50:24.689"></status>
</kw>
<kw name="Search the product" library="keyword">
<doc>This method will search the product</doc>
<arguments>
<arg>möbel</arg>
</arguments>
<kw name="Sleep" library="BuiltIn">
<doc>Pauses the test executed for the given time.</doc>
<arguments>
<arg>5s</arg>
</arguments>
<msg timestamp="20210423 23:50:29.691" level="INFO">Slept 5 seconds</msg>
<status status="PASS" starttime="20210423 23:50:24.690" endtime="20210423 23:50:29.691"></status>
</kw>
<kw name="Click Button" library="SeleniumLibrary">
<doc>Clicks the button identified by ``locator``.</doc>
<arguments>
<arg>${cookiesAcceptButton}</arg>
</arguments>
<msg timestamp="20210423 23:50:29.692" level="INFO">Clicking button '//button[normalize-space()='Cookies akzeptieren']'.</msg>
<status status="PASS" starttime="20210423 23:50:29.691" endtime="20210423 23:50:29.844"></status>
</kw>
<kw name="Sleep" library="BuiltIn">
<doc>Pauses the test executed for the given time.</doc>
<arguments>
<arg>10s</arg>
</arguments>
<msg timestamp="20210423 23:50:39.846" level="INFO">Slept 10 seconds</msg>
<status status="PASS" starttime="20210423 23:50:29.844" endtime="20210423 23:50:39.846"></status>
</kw>
<kw name="Input Text" library="SeleniumLibrary">
<doc>Types the given ``text`` into the text field identified by ``locator``.</doc>
<arguments>
<arg>${searchBoxField}</arg>
<arg>${productName}</arg>
</arguments>
<msg timestamp="20210423 23:50:39.847" level="INFO">Typing text 'möbel' into text field '//input[@placeholder='Produktsuche...']'.</msg>
<status status="PASS" starttime="20210423 23:50:39.847" endtime="20210423 23:50:40.130"></status>
</kw>
<kw name="Press Keys" library="SeleniumLibrary">
<doc>Simulates the user pressing key(s) to an element or on the active browser.</doc>
<arguments>
<arg>${searchBoxField}</arg>
<arg>ENTER</arg>
</arguments>
<msg timestamp="20210423 23:50:40.131" level="INFO">Sending key(s) ('ENTER',) to //input[@placeholder='Produktsuche...'] element.</msg>
<msg timestamp="20210423 23:50:40.421" level="INFO">Pressing special key ENTER to element.</msg>
<msg timestamp="20210423 23:50:40.421" level="INFO">Releasing special key ENTER.</msg>
<status status="PASS" starttime="20210423 23:50:40.131" endtime="20210423 23:50:40.459"></status>
</kw>
<status status="PASS" starttime="20210423 23:50:24.690" endtime="20210423 23:50:40.460"></status>
</kw>
<kw name="Add product into wishlist" library="keyword">
<doc>This method will add the product into wishlist</doc>
<arguments>
<arg>alirajujnu2@gmail.com</arg>
<arg>pP@01921666</arg>
</arguments>
<kw name="Sleep" library="BuiltIn">
<doc>Pauses the test executed for the given time.</doc>
<arguments>
<arg>10s</arg>
</arguments>
<msg timestamp="20210423 23:50:50.466" level="INFO">Slept 10 seconds</msg>
<status status="PASS" starttime="20210423 23:50:40.464" endtime="20210423 23:50:50.467"></status>
</kw>
<kw name="Press Keys" library="SeleniumLibrary">
<doc>Simulates the user pressing key(s) to an element or on the active browser.</doc>
<arguments>
<arg>${clearPopUP}</arg>
<arg>ESC</arg>
</arguments>
<msg timestamp="20210423 23:50:50.468" level="INFO">Sending key(s) ('ESC',) to //body/div/div/div/div/div/div/header/div/div[1]/a[1] element.</msg>
<msg timestamp="20210423 23:50:50.883" level="INFO">Pressing special key ESCAPE to element.</msg>
<msg timestamp="20210423 23:50:50.883" level="INFO">Releasing special key ESCAPE.</msg>
<status status="PASS" starttime="20210423 23:50:50.467" endtime="20210423 23:50:50.890"></status>
</kw>
<kw name="Sleep" library="BuiltIn">
<doc>Pauses the test executed for the given time.</doc>
<arguments>
<arg>5s</arg>
</arguments>
<msg timestamp="20210423 23:50:55.892" level="INFO">Slept 5 seconds</msg>
<status status="PASS" starttime="20210423 23:50:50.891" endtime="20210423 23:50:55.892"></status>
</kw>
<kw name="Element Should Be Enabled" library="SeleniumLibrary">
<doc>Verifies that element identified by ``locator`` is enabled.</doc>
<arguments>
<arg>//span[normalize-space()='Westwing Collection']</arg>
</arguments>
<status status="PASS" starttime="20210423 23:50:55.892" endtime="20210423 23:50:55.942"></status>
</kw>
<kw name="Sleep" library="BuiltIn">
<doc>Pauses the test executed for the given time.</doc>
<arguments>
<arg>10s</arg>
</arguments>
<msg timestamp="20210423 23:51:05.943" level="INFO">Slept 10 seconds</msg>
<status status="PASS" starttime="20210423 23:50:55.942" endtime="20210423 23:51:05.943"></status>
</kw>
<kw name="Click Element" library="SeleniumLibrary">
<doc>Click the element identified by ``locator``.</doc>
<arguments>
<arg>${productWishListIcon}</arg>
</arguments>
<msg timestamp="20210423 23:51:05.944" level="INFO">Clicking element '//div//div//div//div//div//div//div//div[1]//a[1]//div[1]//div[2]//div[2]//div[1]//*[local-name()='svg']'.</msg>
<status status="PASS" starttime="20210423 23:51:05.944" endtime="20210423 23:51:06.130"></status>
</kw>
<kw name="Sleep" library="BuiltIn">
<doc>Pauses the test executed for the given time.</doc>
<arguments>
<arg>8s</arg>
</arguments>
<msg timestamp="20210423 23:51:14.132" level="INFO">Slept 8 seconds</msg>
<status status="PASS" starttime="20210423 23:51:06.130" endtime="20210423 23:51:14.132"></status>
</kw>
<kw name="Click Button" library="SeleniumLibrary">
<doc>Clicks the button identified by ``locator``.</doc>
<arguments>
<arg>${switchOverlay}</arg>
</arguments>
<msg timestamp="20210423 23:51:14.133" level="INFO">Clicking button '//button[normalize-space()='Hier einloggen']'.</msg>
<status status="PASS" starttime="20210423 23:51:14.133" endtime="20210423 23:51:14.303"></status>
</kw>
<kw name="Sleep" library="BuiltIn">
<doc>Pauses the test executed for the given time.</doc>
<arguments>
<arg>5s</arg>
</arguments>
<msg timestamp="20210423 23:51:19.304" level="INFO">Slept 5 seconds</msg>
<status status="PASS" starttime="20210423 23:51:14.303" endtime="20210423 23:51:19.304"></status>
</kw>
<kw name="Input Text" library="SeleniumLibrary">
<doc>Types the given ``text`` into the text field identified by ``locator``.</doc>
<arguments>
<arg>${emailField}</arg>
<arg>${email}</arg>
</arguments>
<msg timestamp="20210423 23:51:19.306" level="INFO">Typing text 'alirajujnu2@gmail.com' into text field '//input[@placeholder='E-Mail']'.</msg>
<status status="PASS" starttime="20210423 23:51:19.305" endtime="20210423 23:51:19.483"></status>
</kw>
<kw name="Input Text" library="SeleniumLibrary">
<doc>Types the given ``text`` into the text field identified by ``locator``.</doc>
<arguments>
<arg>${passWordField}</arg>
<arg>${password}</arg>
</arguments>
<msg timestamp="20210423 23:51:19.484" level="INFO">Typing text 'pP@01921666' into text field '//input[@placeholder='Passwort']'.</msg>
<status status="PASS" starttime="20210423 23:51:19.483" endtime="20210423 23:51:19.578"></status>
</kw>
<kw name="Click Button" library="SeleniumLibrary">
<doc>Clicks the button identified by ``locator``.</doc>
<arguments>
<arg>${submitButton}</arg>
</arguments>
<msg timestamp="20210423 23:51:19.579" level="INFO">Clicking button '//button[normalize-space()='Anmelden']'.</msg>
<status status="PASS" starttime="20210423 23:51:19.578" endtime="20210423 23:51:19.787"></status>
</kw>
<status status="PASS" starttime="20210423 23:50:40.463" endtime="20210423 23:51:19.787"></status>
</kw>
<kw name="Go to wishlist page and delete the product" library="keyword">
<doc>This method will go to my wishlist page and delete the product from wishlist</doc>
<kw name="Sleep" library="BuiltIn">
<doc>Pauses the test executed for the given time.</doc>
<arguments>
<arg>10s</arg>
</arguments>
<msg timestamp="20210423 23:51:29.794" level="INFO">Slept 10 seconds</msg>
<status status="PASS" starttime="20210423 23:51:19.792" endtime="20210423 23:51:29.795"></status>
</kw>
<kw name="Click Element" library="SeleniumLibrary">
<doc>Click the element identified by ``locator``.</doc>
<arguments>
<arg>${myWishListIcon}</arg>
</arguments>
<msg timestamp="20210423 23:51:29.795" level="INFO">Clicking element '//body/div/div/div/div/div/div/header/div/div[@data-testid='wishlist-bubble']/div/span[1]//*[local-name()='svg']'.</msg>
<status status="PASS" starttime="20210423 23:51:29.795" endtime="20210423 23:51:36.841"></status>
</kw>
<kw name="Sleep" library="BuiltIn">
<doc>Pauses the test executed for the given time.</doc>
<arguments>
<arg>15s</arg>
</arguments>
<msg timestamp="20210423 23:51:51.841" level="INFO">Slept 15 seconds</msg>
<status status="PASS" starttime="20210423 23:51:36.841" endtime="20210423 23:51:51.841"></status>
</kw>
<kw name="Click Button" library="SeleniumLibrary">
<doc>Clicks the button identified by ``locator``.</doc>
<arguments>
<arg>${wishListProductDeleteIcon}</arg>
</arguments>
<msg timestamp="20210423 23:51:51.843" level="INFO">Clicking button '//body/div[@id='pageContainer']/div[@id='page']/div[@id='content']/div/div[@id='wishlistRoot']/div/div/div/ul/li/button[1]'.</msg>
<status status="PASS" starttime="20210423 23:51:51.842" endtime="20210423 23:51:51.978"></status>
</kw>
<status status="PASS" starttime="20210423 23:51:19.788" endtime="20210423 23:51:51.978"></status>
</kw>
<kw name="Verify deleting the product" library="keyword">
<doc>This method verify that product deleted successfully and
wishlist is empty</doc>
<kw name="Sleep" library="BuiltIn">
<doc>Pauses the test executed for the given time.</doc>
<arguments>
<arg>10s</arg>
</arguments>
<msg timestamp="20210423 23:52:01.980" level="INFO">Slept 10 seconds</msg>
<status status="PASS" starttime="20210423 23:51:51.979" endtime="20210423 23:52:01.980"></status>
</kw>
<kw name="Page Should Not Contain Element" library="SeleniumLibrary">
<doc>Verifies that element ``locator`` is not found on the current page.</doc>
<arguments>
<arg>${wishListCounterIcon}</arg>
</arguments>
<kw name="Capture Page Screenshot" library="SeleniumLibrary">
<doc>Takes a screenshot of the current page and embeds it into a log file.</doc>
<msg timestamp="20210423 23:52:02.479" level="INFO" html="yes">&lt;/td&gt;&lt;/tr&gt;&lt;tr&gt;&lt;td colspan="3"&gt;&lt;a href="selenium-screenshot-32.png"&gt;&lt;img src="selenium-screenshot-32.png" width="800px"&gt;&lt;/a&gt;</msg>
<status status="PASS" starttime="20210423 23:52:02.114" endtime="20210423 23:52:02.479"></status>
</kw>
<msg timestamp="20210423 23:52:02.529" level="FAIL">Page should not have contained element '//span[@data-testid='wishlist-counter']'.</msg>
<status status="FAIL" starttime="20210423 23:52:01.981" endtime="20210423 23:52:02.529"></status>
</kw>
<status status="FAIL" starttime="20210423 23:51:51.979" endtime="20210423 23:52:02.530"></status>
</kw>
<kw name="Close the browser" library="keyword" type="teardown">
<doc>This method will close the current browser and
it will be use as a tear down method</doc>
<kw name="Close Browser" library="SeleniumLibrary">
<doc>Closes the current browser.</doc>
<status status="PASS" starttime="20210423 23:52:02.531" endtime="20210423 23:52:04.700"></status>
</kw>
<status status="PASS" starttime="20210423 23:52:02.530" endtime="20210423 23:52:04.700"></status>
</kw>
<doc>This test case will searh product,login the site,add the product
in wishlist and finally delete the product from wishlist</doc>
<tags>
<tag>smoke</tag>
</tags>
<status status="FAIL" starttime="20210423 23:50:06.373" endtime="20210423 23:52:04.701" critical="yes">Page should not have contained element '//span[@data-testid='wishlist-counter']'.</status>
</test>
<doc>This suites search the product,add the product to
wishlist and finally delete the product from wishlist</doc>
<status status="FAIL" starttime="20210423 23:50:05.941" endtime="20210423 23:52:04.705"></status>
</suite>
<statistics>
<total>
<stat pass="0" fail="1">Critical Tests</stat>
<stat pass="0" fail="1">All Tests</stat>
</total>
<tag>
<stat pass="0" fail="1">smoke</stat>
</tag>
<suite>
<stat pass="0" fail="1" id="s1" name="SmokeTestCases">SmokeTestCases</stat>
</suite>
</statistics>
<errors>
</errors>
</robot>
